#
# There is insufficient memory for the Java Runtime Environment to continue.
# Native memory allocation (malloc) failed to allocate 1048576 bytes for AllocateHeap
# Possible reasons:
#   The system is out of physical RAM or swap space
#   In 32 bit mode, the process size limit was hit
# Possible solutions:
#   Reduce memory load on the system
#   Increase physical memory or swap space
#   Check if swap backing store is full
#   Use 64 bit Java on a 64 bit OS
#   Decrease Java heap size (-Xmx/-Xms)
#   Decrease number of Java threads
#   Decrease Java thread stack sizes (-Xss)
#   Set larger code cache with -XX:ReservedCodeCacheSize=
# This output file may be truncated or incomplete.
#
#  Out of Memory Error (memory/allocation.inline.hpp:61), pid=14840, tid=10316
#
# JRE version:  (8.0_77-b03) (build )
# Java VM: Java HotSpot(TM) 64-Bit Server VM (25.77-b03 mixed mode windows-amd64 compressed oops)
# Failed to write core dump. Minidumps are not enabled by default on client versions of Windows
#

---------------  T H R E A D  ---------------

Current thread (0x00000000030de000):  JavaThread "Unknown thread" [_thread_in_vm, id=10316, stack(0x0000000002fa0000,0x00000000030a0000)]

Stack: [0x0000000002fa0000,0x00000000030a0000]
[error occurred during error reporting (printing stack bounds), id 0xc0000005]

Native frames: (J=compiled Java code, j=interpreted, Vv=VM code, C=native code)


---------------  P R O C E S S  ---------------

Java Threads: ( => current thread )

Other Threads:

=>0x00000000030de000 (exited) JavaThread "Unknown thread" [_thread_in_vm, id=10316, stack(0x0000000002fa0000,0x00000000030a0000)]

VM state:not at safepoint (normal execution)

VM Mutex/Monitor currently owned by a thread: None

Heap:
 PSYoungGen      total 38400K, used 665K [0x00000000d5800000, 0x00000000d8280000, 0x0000000100000000)
  eden space 33280K, 2% used [0x00000000d5800000,0x00000000d58a6670,0x00000000d7880000)
  from space 5120K, 0% used [0x00000000d7d80000,0x00000000d7d80000,0x00000000d8280000)
  to   space 5120K, 0% used [0x00000000d7880000,0x00000000d7880000,0x00000000d7d80000)
 ParOldGen       total 87552K, used 0K [0x0000000080800000, 0x0000000085d80000, 0x00000000d5800000)
  object space 87552K, 0% used [0x0000000080800000,0x0000000080800000,0x0000000085d80000)
 Metaspace       used 769K, capacity 4480K, committed 4480K, reserved 1056768K
  class space    used 75K, capacity 384K, committed 384K, reserved 1048576K

Card table byte_map: [0x00000000125a0000,0x00000000129a0000] byte_map_base: 0x000000001219c000

Marking Bits: (ParMarkBitMap*) 0x0000000069be0600
 Begin Bits: [0x0000000013050000, 0x0000000015030000)
 End Bits:   [0x0000000015030000, 0x0000000017010000)

Polling page: 0x0000000002ef0000

CodeCache: size=245760Kb used=328Kb max_used=328Kb free=245431Kb
 bounds [0x00000000031e0000, 0x0000000003450000, 0x00000000121e0000]
 total_blobs=58 nmethods=0 adapters=38
 compilation: enabled

Compilation events (0 events):
No events

GC Heap History (0 events):
No events

Deoptimization events (0 events):
No events

Internal exceptions (0 events):
No events

Events (10 events):
Event: 0.025 loading class java/lang/Short
Event: 0.025 loading class java/lang/Short done
Event: 0.025 loading class java/lang/Integer
Event: 0.025 loading class java/lang/Integer done
Event: 0.025 loading class java/lang/Long
Event: 0.026 loading class java/lang/Long done
Event: 0.026 loading class java/lang/NullPointerException
Event: 0.026 loading class java/lang/NullPointerException done
Event: 0.026 loading class java/lang/ArithmeticException
Event: 0.026 loading class java/lang/ArithmeticException done


Dynamic libraries:
0x00007ff68cb80000 - 0x00007ff68cbb7000 	F:\Unity\jdk8_77\bin\java.exe
0x00007ffbbc9b0000 - 0x00007ffbbcba8000 	C:\WINDOWS\SYSTEM32\ntdll.dll
0x00007ffbbaf40000 - 0x00007ffbbafff000 	C:\WINDOWS\System32\KERNEL32.DLL
0x00007ffbba1b0000 - 0x00007ffbba482000 	C:\WINDOWS\System32\KERNELBASE.dll
0x00007ffbbc0f0000 - 0x00007ffbbc19e000 	C:\WINDOWS\System32\ADVAPI32.dll
0x00007ffbbbea0000 - 0x00007ffbbbf3e000 	C:\WINDOWS\System32\msvcrt.dll
0x00007ffbbaaf0000 - 0x00007ffbbab8c000 	C:\WINDOWS\System32\sechost.dll
0x00007ffbbb000000 - 0x00007ffbbb125000 	C:\WINDOWS\System32\RPCRT4.dll
0x00007ffbbb7d0000 - 0x00007ffbbb96d000 	C:\WINDOWS\System32\USER32.dll
0x00007ffbba780000 - 0x00007ffbba7a2000 	C:\WINDOWS\System32\win32u.dll
0x00007ffbbaf00000 - 0x00007ffbbaf2b000 	C:\WINDOWS\System32\GDI32.dll
0x00007ffbba4e0000 - 0x00007ffbba5ef000 	C:\WINDOWS\System32\gdi32full.dll
0x00007ffbba7b0000 - 0x00007ffbba84d000 	C:\WINDOWS\System32\msvcp_win.dll
0x00007ffbba0b0000 - 0x00007ffbba1b0000 	C:\WINDOWS\System32\ucrtbase.dll
0x00007ffbac5e0000 - 0x00007ffbac87a000 	C:\WINDOWS\WinSxS\amd64_microsoft.windows.common-controls_6595b64144ccf1df_6.0.19041.1110_none_60b5254171f9507e\COMCTL32.dll
0x00007ffbbab90000 - 0x00007ffbbabc2000 	C:\WINDOWS\System32\IMM32.DLL
0x0000000069c60000 - 0x0000000069d32000 	F:\Unity\jdk8_77\jre\bin\msvcr100.dll
0x00000000693d0000 - 0x0000000069c60000 	F:\Unity\jdk8_77\jre\bin\server\jvm.dll
0x00007ffbbaa60000 - 0x00007ffbbaa68000 	C:\WINDOWS\System32\PSAPI.DLL
0x00007ffbb6f20000 - 0x00007ffbb6f29000 	C:\WINDOWS\SYSTEM32\WSOCK32.dll
0x00007ffbb76d0000 - 0x00007ffbb76f7000 	C:\WINDOWS\SYSTEM32\WINMM.dll
0x00007ffbbaa80000 - 0x00007ffbbaaeb000 	C:\WINDOWS\System32\WS2_32.dll
0x00007ffbb8070000 - 0x00007ffbb807a000 	C:\WINDOWS\SYSTEM32\VERSION.dll
0x00000000693c0000 - 0x00000000693cf000 	F:\Unity\jdk8_77\jre\bin\verify.dll
0x0000000069390000 - 0x00000000693b9000 	F:\Unity\jdk8_77\jre\bin\java.dll
0x0000000069370000 - 0x0000000069386000 	F:\Unity\jdk8_77\jre\bin\zip.dll

VM Arguments:
java_command: <unknown>
java_class_path (initial): .
Launcher Type: SUN_STANDARD

Environment Variables:
JAVA_HOME=F:\Unity\jdk8_77
PATH=C:\ProgramData\Oracle\Java\javapath;C:\Program Files\Common Files\Oracle\Java\javapath;C:\WINDOWS\system32;C:\WINDOWS;C:\WINDOWS\System32\Wbem;C:\WINDOWS\System32\WindowsPowerShell\v1.0\;C:\WINDOWS\System32\OpenSSH\;C:\Users\Dmitr\AppData\Local\Microsoft\WindowsApps;
USERNAME=Dmitr
OS=Windows_NT
PROCESSOR_IDENTIFIER=Intel64 Family 6 Model 42 Stepping 7, GenuineIntel



---------------  S Y S T E M  ---------------

OS: Windows 10.0 , 64 bit Build 19041 (10.0.19041.2251)

CPU:total 4 (4 cores per cpu, 1 threads per core) family 6 model 42 stepping 7, cmov, cx8, fxsr, mmx, sse, sse2, sse3, ssse3, sse4.1, sse4.2, popcnt, avx, aes, clmul, tsc, tscinvbit

Memory: 4k page, physical 8355172k(414468k free), swap 14696592k(5924k free)

vm_info: Java HotSpot(TM) 64-Bit Server VM (25.77-b03) for windows-amd64 JRE (1.8.0_77-b03), built on Mar 20 2016 22:01:33 by "java_re" with MS VC++ 10.0 (VS2010)

time: Sat Dec 10 02:50:12 2022
elapsed time: 0 seconds (0d 0h 0m 0s)

